1.48636202E-01 

5.35634772E-04 

4.29567583E-06 

4.00895406E-08 

1.83714374E-08 

2.00112074E-07 



4.00895406E-08 

4.00895406E-08 

4.00895406E-08 

4.00895406E-08 

4.00895406E-08 

4.00895406E-08 

5.65906317E-01 

5.65906317E-01 

4.00895406E-08 

4.00895406E-08 

3.46918295E-01 

7.47818739E-05 

5.65906317E-01 

7.47818739E-05 

7.47818739E-05 

7.47818739E-05 

7.47818739E-05 

7.47818739E-05 

7.47818739E-05 

7.47818739E-05 

7.47818739E-05 

7.47818739E-05 

7.47818739E-05 

2.99468891E-01 

2.99468891E-01 

7.47818739E-05 

2.99468891E-01 

4.51451485E-01 

7.26656998E+08 

4.51451485E-01 

