 time(second)  reactivity power(analytical) power(numerical) precursor(g=1) precursor(g=2) precursor(g=3) precursor(g=4) precursor(g=5) precursor(g=6) 
  0.00000000   0.00000000    1.00000000       1.00000000       0.02018750     0.04779874     0.01168739     0.00965231     0.00078563     0.00006577
  0.04000000   0.00015200    1.02061257       0.87065665       0.02018683     0.04779481     0.01168380     0.00964440     0.00078283     0.00006514
  0.08000000   0.00030400    1.04251307       1.01510084       0.02018629     0.04779164     0.01168092     0.00963814     0.00078077     0.00006475
  0.12000000   0.00045600    1.06580298       0.92189645       0.02018601     0.04779000     0.01167944     0.00963499     0.00077985     0.00006463
  0.16000000   0.00060800    1.09059452       1.03980529       0.02018584     0.04778901     0.01167857     0.00963321     0.00077948     0.00006465
  0.20000000   0.00076000    1.11701198       0.97274610       0.02018593     0.04778955     0.01167910     0.00963452     0.00078018     0.00006489
  0.24000000   0.00091200    1.14519339       1.07217264       0.02018618     0.04779102     0.01168047     0.00963768     0.00078153     0.00006526
  0.28000000   0.00106400    1.17529242       1.02579531       0.02018671     0.04779410     0.01168330     0.00964403     0.00078391     0.00006581
  0.32000000   0.00121600    1.20748051       1.11163681       0.02018742     0.04779833     0.01168718     0.00965263     0.00078700     0.00006648
  0.36000000   0.00136800    1.24194949       1.08277677       0.02018844     0.04780430     0.01169263     0.00966460     0.00079113     0.00006732
  0.40000000   0.00152000    1.27891453       1.15827067       0.02018969     0.04781164     0.01169932     0.00967921     0.00079603     0.00006826
  0.44000000   0.00167200    1.31861775       1.14514557       0.02019126     0.04782088     0.01170772     0.00969746     0.00080198     0.00006935
  0.48000000   0.00182400    1.36133235       1.21257459       0.02019311     0.04783173     0.01171756     0.00971874     0.00080878     0.00007055
  0.52000000   0.00197600    1.40736764       1.21434357       0.02019531     0.04784467     0.01172928     0.00974399     0.00081668     0.00007190
  0.56000000   0.00212800    1.45707490       1.27540869       0.02019784     0.04785949     0.01174267     0.00977272     0.00082549     0.00007336
  0.60000000   0.00228000    1.51085461       1.29196004       0.02020077     0.04787666     0.01175816     0.00980584     0.00083549     0.00007497
  0.64000000   0.00243200    1.56916492       1.34799710       0.02020407     0.04789600     0.01177558     0.00984294     0.00084649     0.00007670
  0.68000000   0.00258400    1.63253211       1.37986450       0.02020782     0.04791799     0.01179536     0.00988494     0.00085877     0.00007860
  0.72000000   0.00273600    1.70156325       1.43198126       0.02021200     0.04794249     0.01181737     0.00993153     0.00087219     0.00008062
  0.76000000   0.00288800    1.77696166       1.48034805       0.02021670     0.04797002     0.01184206     0.00998366     0.00088702     0.00008283
  0.80000000   0.00304000    1.85954609       1.53508828       0.02022193     0.04800064     0.01186950     0.01004142     0.00090326     0.00008521
  0.84000000   0.00319200    1.95027443       1.59203022       0.02022773     0.04803462     0.01189990     0.01010526     0.00092100     0.00008778
  0.88000000   0.00334400    2.05027340       1.65530523       0.02023416     0.04807220     0.01193349     0.01017563     0.00094035     0.00009055
  0.92000000   0.00349600    2.16087593       1.72255738       0.02024125     0.04811370     0.01197055     0.01025307     0.00096145     0.00009354
  0.96000000   0.00364800    2.28366866       1.79669776       0.02024907     0.04815944     0.01201135     0.01033815     0.00098442     0.00009678
  1.00000000   0.00380000    2.42055272       1.87667395       0.02025768     0.04820980     0.01205623     0.01043157     0.00100944     0.00010028
  1.04000000   0.00376960    2.44888418       1.89386779       0.02026679     0.04826308     0.01210363     0.01052977     0.00103519     0.00010373
  1.08000000   0.00373920    2.47693236       1.89260052       0.02027598     0.04831677     0.01215122     0.01062769     0.00105986     0.00010676
  1.12000000   0.00370880    2.50468977       1.90367317       0.02028522     0.04837068     0.01219887     0.01072497     0.00108340     0.00010939
  1.16000000   0.00367840    2.53214915       1.90399833       0.02029451     0.04842487     0.01224660     0.01082171     0.00110590     0.00011169
  1.20000000   0.00364800    2.55930345       1.91116970       0.02030383     0.04847922     0.01229432     0.01091768     0.00112733     0.00011370
  1.24000000   0.00361760    2.58614585       1.91220032       0.02031319     0.04853375     0.01234203     0.01101294     0.00114777     0.00011545
  1.28000000   0.00358720    2.61266978       1.91657050       0.02032258     0.04858838     0.01238967     0.01110733     0.00116720     0.00011697
  1.32000000   0.00355680    2.63886887       1.91770597       0.02033199     0.04864310     0.01243724     0.01120086     0.00118570     0.00011830
  1.36000000   0.00352640    2.66473698       1.92006737       0.02034141     0.04869786     0.01248468     0.01129342     0.00120326     0.00011945
  1.40000000   0.00349600    2.69026820       1.92090674       0.02035084     0.04875265     0.01253198     0.01138501     0.00121993     0.00012045
  1.44000000   0.00346560    2.71545684       1.92183201       0.02036028     0.04880742     0.01257910     0.01147554     0.00123573     0.00012131
  1.48000000   0.00343520    2.74029743       1.92211422       0.02036972     0.04886215     0.01262604     0.01156500     0.00125069     0.00012205
  1.52000000   0.00340480    2.76478472       1.92205130       0.02037915     0.04891683     0.01267276     0.01165335     0.00126484     0.00012269
  1.56000000   0.00337440    2.78891369       1.92155626       0.02038858     0.04897142     0.01271924     0.01174055     0.00127821     0.00012323
  1.60000000   0.00334400    2.81267952       1.92073198       0.02039799     0.04902590     0.01276546     0.01182656     0.00129082     0.00012368
  1.64000000   0.00331360    2.83607761       1.91953524       0.02040739     0.04908025     0.01281141     0.01191136     0.00130270     0.00012406
  1.68000000   0.00328320    2.85910360       1.91803078       0.02041678     0.04913444     0.01285706     0.01199492     0.00131387     0.00012438
  1.72000000   0.00325280    2.88175330       1.91619936       0.02042614     0.04918847     0.01290241     0.01207723     0.00132436     0.00012463
  1.76000000   0.00322240    2.90402276       1.91408344       0.02043547     0.04924231     0.01294743     0.01215825     0.00133419     0.00012482
  1.80000000   0.00319200    2.92590823       1.91167681       0.02044478     0.04929594     0.01299211     0.01223797     0.00134339     0.00012496
  1.84000000   0.00316160    2.94740617       1.90927876       0.02045405     0.04934936     0.01303645     0.01231639     0.00135199     0.00012507
  1.88000000   0.00313120    2.96851324       1.90588058       0.02046329     0.04940254     0.01308041     0.01239347     0.00135999     0.00012512
  1.92000000   0.00310080    2.98922630       1.90344787       0.02047250     0.04945547     0.01312400     0.01246921     0.00136743     0.00012515
  1.96000000   0.00307040    3.00954242       1.89911250       0.02048167     0.04950812     0.01316720     0.01254359     0.00137432     0.00012513
  2.00000000   0.00304000    3.02945884       1.89667928       0.02049080     0.04956051     0.01321001     0.01261661     0.00138069     0.00012509
  2.04000000   0.00300960    3.04897304       1.89146409       0.02049988     0.04961259     0.01325240     0.01268824     0.00138654     0.00012501
  2.08000000   0.00297920    3.06808264       1.88905345       0.02050892     0.04966438     0.01329438     0.01275850     0.00139192     0.00012491
  2.12000000   0.00294880    3.08678550       1.88301664       0.02051791     0.04971584     0.01333592     0.01282736     0.00139681     0.00012479
  2.16000000   0.00291840    3.10507962       1.88064382       0.02052685     0.04976699     0.01337703     0.01289483     0.00140127     0.00012464
  2.20000000   0.00288800    3.12296322       1.87384293       0.02053574     0.04981779     0.01341769     0.01296089     0.00140528     0.00012447
  2.24000000   0.00285760    3.14043468       1.87151760       0.02054458     0.04986825     0.01345791     0.01302556     0.00140888     0.00012428
  2.28000000   0.00282720    3.15749258       1.86400858       0.02055337     0.04991834     0.01349766     0.01308881     0.00141207     0.00012407
  2.32000000   0.00279680    3.17413564       1.86173647       0.02056210     0.04996808     0.01353696     0.01315066     0.00141487     0.00012385
  2.36000000   0.00276640    3.19036279       1.85357308       0.02057077     0.05001743     0.01357577     0.01321110     0.00141730     0.00012360
  2.40000000   0.00273600    3.20617310       1.85135720       0.02057938     0.05006641     0.01361412     0.01327013     0.00141938     0.00012335
  2.44000000   0.00270560    3.22156584       1.84259064       0.02058793     0.05011499     0.01365198     0.01332775     0.00142110     0.00012308
  2.48000000   0.00267520    3.23654042       1.84043208       0.02059642     0.05016318     0.01368935     0.01338398     0.00142250     0.00012279
  2.52000000   0.00264480    3.25109640       1.83111083       0.02060485     0.05021095     0.01372623     0.01343879     0.00142358     0.00012249
  2.56000000   0.00261440    3.26523353       1.82900939       0.02061321     0.05025832     0.01376261     0.01349222     0.00142435     0.00012218
  2.60000000   0.00258400    3.27895170       1.81917914       0.02062151     0.05030527     0.01379850     0.01354424     0.00142482     0.00012186
  2.64000000   0.00255360    3.29225094       1.81713379       0.02062974     0.05035180     0.01383388     0.01359488     0.00142502     0.00012153
  2.68000000   0.00252320    3.30513145       1.80683744       0.02063791     0.05039789     0.01386875     0.01364412     0.00142493     0.00012119
  2.72000000   0.00249280    3.31759356       1.80484658       0.02064600     0.05044355     0.01390312     0.01369200     0.00142460     0.00012084
  2.76000000   0.00246240    3.32963775       1.79412435       0.02065403     0.05048876     0.01393697     0.01373849     0.00142400     0.00012048
  2.80000000   0.00243200    3.34126464       1.79218605       0.02066199     0.05053354     0.01397030     0.01378362     0.00142317     0.00012011
  2.84000000   0.00240160    3.35247498       1.78107556       0.02066987     0.05057786     0.01400312     0.01382738     0.00142210     0.00011973
  2.88000000   0.00237120    3.36326966       1.77918771       0.02067769     0.05062173     0.01403542     0.01386980     0.00142081     0.00011934
  2.92000000   0.00234080    3.37364970       1.76772409       0.02068543     0.05066513     0.01406720     0.01391087     0.00141931     0.00011895
  2.96000000   0.00231040    3.38361625       1.76588452       0.02069310     0.05070808     0.01409845     0.01395060     0.00141760     0.00011855
  3.00000000   0.00228000    3.39317058       1.75410056       0.02070069     0.05075056     0.01412918     0.01398900     0.00141570     0.00011814
  3.04000000   0.00224960    3.40231407       1.75230708       0.02070821     0.05079258     0.01415939     0.01402609     0.00141360     0.00011773
  3.08000000   0.00221920    3.41104825       1.74023338       0.02071566     0.05083411     0.01418907     0.01406187     0.00141133     0.00011731
  3.12000000   0.00218880    3.41937473       1.73848385       0.02072303     0.05087518     0.01421822     0.01409634     0.00140888     0.00011689
  3.16000000   0.00215840    3.42729526       1.72614892       0.02073032     0.05091577     0.01424685     0.01412952     0.00140626     0.00011646
  3.20000000   0.00212800    3.43481167       1.72444129       0.02073754     0.05095587     0.01427495     0.01416143     0.00140349     0.00011603
  3.24000000   0.00209760    3.44192593       1.71187170       0.02074468     0.05099550     0.01430252     0.01419206     0.00140056     0.00011559
  3.28000000   0.00206720    3.44864010       1.71020401       0.02075174     0.05103464     0.01432956     0.01422144     0.00139749     0.00011514
  3.32000000   0.00203680    3.45495631       1.69742454       0.02075872     0.05107329     0.01435608     0.01424956     0.00139427     0.00011469
  3.36000000   0.00200640    3.46087685       1.69579493       0.02076563     0.05111145     0.01438207     0.01427645     0.00139092     0.00011424
  3.40000000   0.00197600    3.46640404       1.68282865       0.02077246     0.05114912     0.01440753     0.01430210     0.00138744     0.00011379
  3.44000000   0.00194560    3.47154033       1.68123537       0.02077920     0.05118631     0.01443246     0.01432655     0.00138384     0.00011333
  3.48000000   0.00191520    3.47628826       1.66810381       0.02078587     0.05122299     0.01445687     0.01434978     0.00138012     0.00011286
  3.52000000   0.00188480    3.48065043       1.66654522       0.02079246     0.05125919     0.01448076     0.01437183     0.00137628     0.00011240
  3.56000000   0.00185440    3.48462955       1.65326841       0.02079897     0.05129489     0.01450412     0.01439269     0.00137234     0.00011193
  3.60000000   0.00182400    3.48822840       1.65174299       0.02080540     0.05133009     0.01452695     0.01441239     0.00136830     0.00011146
  3.64000000   0.00179360    3.49144982       1.63833962       0.02081175     0.05136480     0.01454927     0.01443092     0.00136415     0.00011098
  3.68000000   0.00176320    3.49429676       1.63684594       0.02081802     0.05139900     0.01457107     0.01444832     0.00135992     0.00011051
  3.72000000   0.00173280    3.49677221       1.62333343       0.02082421     0.05143271     0.01459234     0.01446457     0.00135559     0.00011003
  3.76000000   0.00170240    3.49887925       1.62187017       0.02083032     0.05146592     0.01461310     0.01447971     0.00135118     0.00010955
  3.80000000   0.00167200    3.50062102       1.60826476       0.02083634     0.05149863     0.01463334     0.01449373     0.00134669     0.00010906
  3.84000000   0.00164160    3.50200073       1.60683068       0.02084229     0.05153085     0.01465307     0.01450667     0.00134212     0.00010858
  3.88000000   0.00161120    3.50302164       1.59314750       0.02084815     0.05156256     0.01467229     0.01451851     0.00133747     0.00010809
  3.92000000   0.00158080    3.50368707       1.59174146       0.02085394     0.05159377     0.01469100     0.01452929     0.00133275     0.00010760
  3.96000000   0.00155040    3.50400041       1.57799462       0.02085964     0.05162448     0.01470919     0.01453900     0.00132797     0.00010711
  4.00000000   0.00152000    3.50396509       1.57661556       0.02086526     0.05165470     0.01472688     0.01454767     0.00132312     0.00010662
  4.04000000   0.00148960    3.50358461       1.56281824       0.02087080     0.05168441     0.01474407     0.01455530     0.00131822     0.00010613
  4.08000000   0.00145920    3.50286249       1.56146516       0.02087626     0.05171363     0.01476075     0.01456191     0.00131325     0.00010564
  4.12000000   0.00142880    3.50180233       1.54762962       0.02088164     0.05174235     0.01477694     0.01456751     0.00130823     0.00010514
  4.16000000   0.00139840    3.50040776       1.54630161       0.02088693     0.05177057     0.01479262     0.01457212     0.00130316     0.00010465
  4.20000000   0.00136800    3.49868244       1.53243931       0.02089215     0.05179830     0.01480781     0.01457574     0.00129804     0.00010415
  4.24000000   0.00133760    3.49663008       1.53113551       0.02089728     0.05182552     0.01482251     0.01457839     0.00129288     0.00010366
  4.28000000   0.00130720    3.49425445       1.51725712       0.02090234     0.05185226     0.01483671     0.01458008     0.00128767     0.00010316
  4.32000000   0.00127680    3.49155931       1.51597673       0.02090731     0.05187849     0.01485043     0.01458082     0.00128242     0.00010267
  4.36000000   0.00124640    3.48854850       1.50209221       0.02091220     0.05190424     0.01486366     0.01458063     0.00127713     0.00010217
  4.40000000   0.00121600    3.48522586       1.50083449       0.02091701     0.05192949     0.01487641     0.01457951     0.00127181     0.00010167
  4.44000000   0.00118560    3.48159528       1.48695312       0.02092174     0.05195425     0.01488868     0.01457749     0.00126645     0.00010117
  4.48000000   0.00115520    3.47766066       1.48571738       0.02092639     0.05197852     0.01490047     0.01457457     0.00126107     0.00010068
  4.52000000   0.00112480    3.47342593       1.47184781       0.02093096     0.05200229     0.01491178     0.01457076     0.00125564     0.00010018
  4.56000000   0.00109440    3.46889505       1.47063341       0.02093545     0.05202558     0.01492262     0.01456609     0.00125020     0.00009968
  4.60000000   0.00106400    3.46407201       1.45678372       0.02093986     0.05204839     0.01493299     0.01456055     0.00124473     0.00009919
  4.64000000   0.00103360    3.45896079       1.45559004       0.02094419     0.05207070     0.01494290     0.01455417     0.00123923     0.00009869
  4.68000000   0.00100320    3.45356541       1.44176775       0.02094844     0.05209253     0.01495234     0.01454694     0.00123371     0.00009819
  4.72000000   0.00097280    3.44788991       1.44059422       0.02095261     0.05211388     0.01496132     0.01453890     0.00122817     0.00009770
  4.76000000   0.00094240    3.44193832       1.42680633       0.02095670     0.05213475     0.01496985     0.01453004     0.00122262     0.00009720
  4.80000000   0.00091200    3.43571472       1.42565243       0.02096071     0.05215514     0.01497792     0.01452039     0.00121704     0.00009671
  4.84000000   0.00088160    3.42922317       1.41190548       0.02096464     0.05217504     0.01498553     0.01450995     0.00121145     0.00009621
  4.88000000   0.00085120    3.42246774       1.41077070       0.02096849     0.05219448     0.01499270     0.01449873     0.00120585     0.00009572
  4.92000000   0.00082080    3.41545252       1.39707076       0.02097227     0.05221343     0.01499942     0.01448674     0.00120023     0.00009523
  4.96000000   0.00079040    3.40818160       1.39595463       0.02097596     0.05223191     0.01500570     0.01447401     0.00119461     0.00009474
  5.00000000   0.00076000    3.40065909       1.38230735       0.02097958     0.05224992     0.01501154     0.01446054     0.00118897     0.00009425
  5.04000000   0.00072960    3.39288907       1.38120943       0.02098312     0.05226746     0.01501694     0.01444633     0.00118333     0.00009376
  5.08000000   0.00069920    3.38487566       1.36762007       0.02098658     0.05228453     0.01502191     0.01443141     0.00117768     0.00009327
  5.12000000   0.00066880    3.37662294       1.36653994       0.02098997     0.05230113     0.01502645     0.01441579     0.00117202     0.00009278
  5.16000000   0.00063840    3.36813501       1.35301339       0.02099327     0.05231727     0.01503056     0.01439946     0.00116636     0.00009229
  5.20000000   0.00060800    3.35941598       1.35195065       0.02099650     0.05233294     0.01503425     0.01438246     0.00116069     0.00009181
  5.24000000   0.00057760    3.35046994       1.33849145       0.02099966     0.05234815     0.01503751     0.01436478     0.00115502     0.00009132
  5.28000000   0.00054720    3.34130096       1.33744572       0.02100273     0.05236291     0.01504036     0.01434645     0.00114936     0.00009084
  5.32000000   0.00051680    3.33191314       1.32405809       0.02100573     0.05237720     0.01504280     0.01432746     0.00114369     0.00009036
  5.36000000   0.00048640    3.32231053       1.32302901       0.02100866     0.05239104     0.01504482     0.01430784     0.00113802     0.00008988
  5.40000000   0.00045600    3.31249720       1.30971684       0.02101151     0.05240443     0.01504644     0.01428758     0.00113235     0.00008940
  5.44000000   0.00042560    3.30247721       1.30870409       0.02101428     0.05241736     0.01504765     0.01426671     0.00112669     0.00008892
  5.48000000   0.00039520    3.29225458       1.29547100       0.02101698     0.05242984     0.01504845     0.01424524     0.00112102     0.00008844
  5.52000000   0.00036480    3.28183336       1.29447423       0.02101960     0.05244188     0.01504887     0.01422316     0.00111537     0.00008797
  5.56000000   0.00033440    3.27121755       1.28132358       0.02102215     0.05245347     0.01504888     0.01420051     0.00110971     0.00008749
  5.60000000   0.00030400    3.26041114       1.28034249       0.02102463     0.05246462     0.01504850     0.01417728     0.00110407     0.00008702
  5.64000000   0.00027360    3.24941813       1.26727735       0.02102703     0.05247532     0.01504774     0.01415348     0.00109843     0.00008655
  5.68000000   0.00024320    3.23824248       1.26631164       0.02102935     0.05248559     0.01504659     0.01412913     0.00109280     0.00008608
  5.72000000   0.00021280    3.22688813       1.25333487       0.02103161     0.05249542     0.01504506     0.01410423     0.00108717     0.00008561
  5.76000000   0.00018240    3.21535901       1.25238426       0.02103379     0.05250481     0.01504315     0.01407880     0.00108156     0.00008514
  5.80000000   0.00015200    3.20365904       1.23949847       0.02103590     0.05251377     0.01504086     0.01405285     0.00107595     0.00008468
  5.84000000   0.00012160    3.19179210       1.23856269       0.02103793     0.05252231     0.01503820     0.01402638     0.00107036     0.00008421
  5.88000000   0.00009120    3.17976205       1.22577030       0.02103990     0.05253041     0.01503518     0.01399941     0.00106477     0.00008375
  5.92000000   0.00006080    3.16757275       1.22484908       0.02104179     0.05253808     0.01503178     0.01397195     0.00105920     0.00008329
  5.96000000   0.00003040    3.15522802       1.21215229       0.02104361     0.05254533     0.01502803     0.01394400     0.00105364     0.00008283
  6.00000000  -0.00000000    3.14273165       1.21124537       0.02104536     0.05255216     0.01502392     0.01391557     0.00104809     0.00008238
